SF:C:\Users\FOUAD\Desktop\AMBER PAY\ledger\src\balances.rs
FN:72,_RNvNtCs1EikdFdU5en_12amber_ledger8balances11get_balance
FN:28,_RNvNtCs1EikdFdU5en_12amber_ledger8balances13available_for
FN:143,_RNvNtCs1EikdFdU5en_12amber_ledger8balances15audit_snapshots
FN:108,_RNvNtCs1EikdFdU5en_12amber_ledger8balances16rebuild_snapshot
FN:52,_RNvNtCs1EikdFdU5en_12amber_ledger8balances8held_for
FN:72,_RNCNvNtCs1EikdFdU5en_12amber_ledger8balances11get_balance0B5_
FN:31,_RNCNvNtCs1EikdFdU5en_12amber_ledger8balances13available_for0B5_
FN:143,_RNCNvNtCs1EikdFdU5en_12amber_ledger8balances15audit_snapshots0B5_
FN:111,_RNCNvNtCs1EikdFdU5en_12amber_ledger8balances16rebuild_snapshot0B5_
FN:55,_RNCNvNtCs1EikdFdU5en_12amber_ledger8balances8held_for0B5_
FN:72,_RNCNvNtCsbZvAovu9Jal_12amber_ledger8balances11get_balance0B5_
FN:31,_RNCNvNtCsbZvAovu9Jal_12amber_ledger8balances13available_for0B5_
FN:143,_RNCNvNtCsbZvAovu9Jal_12amber_ledger8balances15audit_snapshots0B5_
FN:111,_RNCNvNtCsbZvAovu9Jal_12amber_ledger8balances16rebuild_snapshot0B5_
FN:55,_RNCNvNtCsbZvAovu9Jal_12amber_ledger8balances8held_for0B5_
FN:72,_RNvNtCsbZvAovu9Jal_12amber_ledger8balances11get_balance
FN:28,_RNvNtCsbZvAovu9Jal_12amber_ledger8balances13available_for
FN:143,_RNvNtCsbZvAovu9Jal_12amber_ledger8balances15audit_snapshots
FN:108,_RNvNtCsbZvAovu9Jal_12amber_ledger8balances16rebuild_snapshot
FN:52,_RNvNtCsbZvAovu9Jal_12amber_ledger8balances8held_for
FNDA:42,_RNvNtCs1EikdFdU5en_12amber_ledger8balances11get_balance
FNDA:54,_RNvNtCs1EikdFdU5en_12amber_ledger8balances13available_for
FNDA:1,_RNvNtCs1EikdFdU5en_12amber_ledger8balances15audit_snapshots
FNDA:105,_RNvNtCs1EikdFdU5en_12amber_ledger8balances16rebuild_snapshot
FNDA:1,_RNvNtCs1EikdFdU5en_12amber_ledger8balances8held_for
FNDA:42,_RNCNvNtCs1EikdFdU5en_12amber_ledger8balances11get_balance0B5_
FNDA:54,_RNCNvNtCs1EikdFdU5en_12amber_ledger8balances13available_for0B5_
FNDA:1,_RNCNvNtCs1EikdFdU5en_12amber_ledger8balances15audit_snapshots0B5_
FNDA:105,_RNCNvNtCs1EikdFdU5en_12amber_ledger8balances16rebuild_snapshot0B5_
FNDA:1,_RNCNvNtCs1EikdFdU5en_12amber_ledger8balances8held_for0B5_
FNDA:0,_RNCNvNtCsbZvAovu9Jal_12amber_ledger8balances11get_balance0B5_
FNDA:0,_RNCNvNtCsbZvAovu9Jal_12amber_ledger8balances13available_for0B5_
FNDA:0,_RNCNvNtCsbZvAovu9Jal_12amber_ledger8balances15audit_snapshots0B5_
FNDA:0,_RNCNvNtCsbZvAovu9Jal_12amber_ledger8balances16rebuild_snapshot0B5_
FNDA:0,_RNCNvNtCsbZvAovu9Jal_12amber_ledger8balances8held_for0B5_
FNDA:0,_RNvNtCsbZvAovu9Jal_12amber_ledger8balances11get_balance
FNDA:0,_RNvNtCsbZvAovu9Jal_12amber_ledger8balances13available_for
FNDA:0,_RNvNtCsbZvAovu9Jal_12amber_ledger8balances15audit_snapshots
FNDA:0,_RNvNtCsbZvAovu9Jal_12amber_ledger8balances16rebuild_snapshot
FNDA:0,_RNvNtCsbZvAovu9Jal_12amber_ledger8balances8held_for
FNF:10
FNH:10
DA:28,54
DA:29,54
DA:30,54
DA:31,54
DA:32,54
DA:33,1
DA:34,53
DA:35,53
DA:36,53
DA:37,53
DA:38,53
DA:39,53
DA:40,53
DA:41,53
DA:42,53
DA:43,53
DA:44,53
DA:45,53
DA:46,53
DA:47,53
DA:48,53
DA:49,54
DA:52,1
DA:53,1
DA:54,1
DA:55,1
DA:56,1
DA:57,0
DA:58,1
DA:59,1
DA:60,1
DA:61,1
DA:62,1
DA:63,1
DA:64,1
DA:65,1
DA:66,1
DA:67,1
DA:68,1
DA:69,1
DA:72,42
DA:73,42
DA:74,42
DA:75,42
DA:76,42
DA:77,42
DA:78,42
DA:79,42
DA:81,42
DA:82,42
DA:83,42
DA:84,42
DA:85,42
DA:86,42
DA:87,42
DA:89,42
DA:90,42
DA:91,42
DA:92,42
DA:93,42
DA:94,42
DA:96,42
DA:97,42
DA:98,42
DA:99,42
DA:100,42
DA:101,42
DA:102,42
DA:103,42
DA:108,105
DA:109,105
DA:110,105
DA:111,105
DA:112,105
DA:113,105
DA:114,105
DA:115,105
DA:116,105
DA:117,105
DA:118,105
DA:119,105
DA:120,105
DA:121,105
DA:122,105
DA:123,105
DA:124,105
DA:125,105
DA:126,105
DA:127,105
DA:128,105
DA:129,105
DA:130,105
DA:131,105
DA:132,105
DA:133,105
DA:134,105
DA:135,105
DA:136,105
DA:137,105
DA:138,105
DA:139,105
DA:143,1
DA:144,1
DA:145,1
DA:146,1
DA:147,1
DA:148,1
DA:149,1
DA:150,1
DA:151,1
DA:152,1
DA:153,1
DA:154,1
DA:155,1
DA:156,1
DA:157,1
DA:158,1
BRF:0
BRH:0
LF:122
LH:121
end_of_record
SF:C:\Users\FOUAD\Desktop\AMBER PAY\ledger\src\db.rs
FN:17,_RNvNtCs1EikdFdU5en_12amber_ledger2db14run_migrations
FN:30,_RNvNtCs1EikdFdU5en_12amber_ledger2db15migrations_path
FN:25,_RNvNtCs1EikdFdU5en_12amber_ledger2db21database_url_from_env
FN:9,_RNvNtCs1EikdFdU5en_12amber_ledger2db7connect
FN:17,_RNCNvNtCs1EikdFdU5en_12amber_ledger2db14run_migrations0B5_
FN:26,_RNCNvNtCs1EikdFdU5en_12amber_ledger2db21database_url_from_env0B5_
FN:9,_RNCNvNtCs1EikdFdU5en_12amber_ledger2db7connect0B5_
FN:17,_RNCNvNtCsbZvAovu9Jal_12amber_ledger2db14run_migrations0B5_
FN:9,_RNCNvNtCsbZvAovu9Jal_12amber_ledger2db7connect0B5_
FN:26,_RNCNvNtCsbZvAovu9Jal_12amber_ledger2db21database_url_from_env0B5_
FN:17,_RNvNtCsbZvAovu9Jal_12amber_ledger2db14run_migrations
FN:30,_RNvNtCsbZvAovu9Jal_12amber_ledger2db15migrations_path
FN:25,_RNvNtCsbZvAovu9Jal_12amber_ledger2db21database_url_from_env
FN:9,_RNvNtCsbZvAovu9Jal_12amber_ledger2db7connect
FNDA:27,_RNvNtCs1EikdFdU5en_12amber_ledger2db14run_migrations
FNDA:0,_RNvNtCs1EikdFdU5en_12amber_ledger2db15migrations_path
FNDA:27,_RNvNtCs1EikdFdU5en_12amber_ledger2db21database_url_from_env
FNDA:0,_RNvNtCs1EikdFdU5en_12amber_ledger2db7connect
FNDA:27,_RNCNvNtCs1EikdFdU5en_12amber_ledger2db14run_migrations0B5_
FNDA:27,_RNCNvNtCs1EikdFdU5en_12amber_ledger2db21database_url_from_env0B5_
FNDA:0,_RNCNvNtCs1EikdFdU5en_12amber_ledger2db7connect0B5_
FNDA:0,_RNCNvNtCsbZvAovu9Jal_12amber_ledger2db14run_migrations0B5_
FNDA:0,_RNCNvNtCsbZvAovu9Jal_12amber_ledger2db7connect0B5_
FNDA:0,_RNCNvNtCsbZvAovu9Jal_12amber_ledger2db21database_url_from_env0B5_
FNDA:0,_RNvNtCsbZvAovu9Jal_12amber_ledger2db14run_migrations
FNDA:0,_RNvNtCsbZvAovu9Jal_12amber_ledger2db15migrations_path
FNDA:0,_RNvNtCsbZvAovu9Jal_12amber_ledger2db21database_url_from_env
FNDA:0,_RNvNtCsbZvAovu9Jal_12amber_ledger2db7connect
FNF:7
FNH:4
DA:9,0
DA:10,0
DA:11,0
DA:12,0
DA:13,0
DA:14,0
DA:17,27
DA:18,27
DA:19,27
DA:25,27
DA:26,27
DA:27,27
DA:30,0
DA:31,0
DA:32,0
BRF:0
BRH:0
LF:18
LH:8
end_of_record
SF:C:\Users\FOUAD\Desktop\AMBER PAY\ledger\src\engine.rs
FN:725,_RNCNCNvMNtCs1EikdFdU5en_12amber_ledger6engineNtB6_12LedgerEngine15execute_journal0s0_0CslOTKzO9DU21_8accounts
FN:736,_RNCNCNvMNtCs1EikdFdU5en_12amber_ledger6engineNtB6_12LedgerEngine15execute_journal0s2_0CslOTKzO9DU21_8accounts
FN:784,_RNCNCNvMNtCs1EikdFdU5en_12amber_ledger6engineNtB6_12LedgerEngine15execute_journal0s4_0CslOTKzO9DU21_8accounts
FN:790,_RNCNCNvMNtCs1EikdFdU5en_12amber_ledger6engineNtB6_12LedgerEngine15execute_journal0s6_0CslOTKzO9DU21_8accounts
FN:711,_RNCNCNvMNtCs1EikdFdU5en_12amber_ledger6engineNtB6_12LedgerEngine15execute_journal0s_0CslOTKzO9DU21_8accounts
FN:1166,_RNCNCNvNtCs1EikdFdU5en_12amber_ledger6engine17fetch_idempotency00CslOTKzO9DU21_8accounts
FN:113,_RNCNvMNtCs1EikdFdU5en_12amber_ledger6engineNtB4_12LedgerEngine12post_journal0CslOTKzO9DU21_8accounts
FN:336,_RNCNvMNtCs1EikdFdU5en_12amber_ledger6engineNtB4_12LedgerEngine14create_account0CslOTKzO9DU21_8accounts
FN:688,_RNCNvMNtCs1EikdFdU5en_12amber_ledger6engineNtB4_12LedgerEngine15execute_journal0CslOTKzO9DU21_8accounts
FN:636,_RNCNvMNtCs1EikdFdU5en_12amber_ledger6engineNtB4_12LedgerEngine20run_with_idempotency0CslOTKzO9DU21_8accounts
FN:1101,_RNCNvNtCs1EikdFdU5en_12amber_ledger6engine13lock_accounts0CslOTKzO9DU21_8accounts
FN:1214,_RNCNvNtCs1EikdFdU5en_12amber_ledger6engine15set_hold_status0CslOTKzO9DU21_8accounts
FN:1158,_RNCNvNtCs1EikdFdU5en_12amber_ledger6engine17fetch_idempotency0CslOTKzO9DU21_8accounts
FN:1174,_RNCNvNtCs1EikdFdU5en_12amber_ledger6engine24set_idempotency_response0CslOTKzO9DU21_8accounts
FN:134,_RNvMNtCs1EikdFdU5en_12amber_ledger6engineNtB2_12LedgerEngine10hold_funds
FN:205,_RNvMNtCs1EikdFdU5en_12amber_ledger6engineNtB2_12LedgerEngine12capture_hold
FN:560,_RNvMNtCs1EikdFdU5en_12amber_ledger6engineNtB2_12LedgerEngine12expire_holds
FN:108,_RNvMNtCs1EikdFdU5en_12amber_ledger6engineNtB2_12LedgerEngine12post_journal
FN:436,_RNvMNtCs1EikdFdU5en_12amber_ledger6engineNtB2_12LedgerEngine12post_payment
FN:268,_RNvMNtCs1EikdFdU5en_12amber_ledger6engineNtB2_12LedgerEngine12release_hold
FN:333,_RNvMNtCs1EikdFdU5en_12amber_ledger6engineNtB2_12LedgerEngine14create_account
FN:681,_RNvMNtCs1EikdFdU5en_12amber_ledger6engineNtB2_12LedgerEngine15execute_journal
FN:629,_RNvMNtCs1EikdFdU5en_12amber_ledger6engineNtB2_12LedgerEngine20run_with_idempotency
FN:846,_RNvMNtCs1EikdFdU5en_12amber_ledger6engineNtB2_12LedgerEngine21find_platform_account
FN:102,_RNvMNtCs1EikdFdU5en_12amber_ledger6engineNtB2_12LedgerEngine3new
FN:870,_RNvMNtCs1EikdFdU5en_12amber_ledger6engineNtB2_12LedgerEngine9lock_hold
FN:1044,_RNvNtCs1EikdFdU5en_12amber_ledger6engine11check_funds
FN:995,_RNvNtCs1EikdFdU5en_12amber_ledger6engine12payment_legs
FN:1098,_RNvNtCs1EikdFdU5en_12amber_ledger6engine13lock_accounts
FN:1073,_RNvNtCs1EikdFdU5en_12amber_ledger6engine13validate_spec
FN:1187,_RNvNtCs1EikdFdU5en_12amber_ledger6engine15replay_response
FN:1210,_RNvNtCs1EikdFdU5en_12amber_ledger6engine15set_hold_status
FN:1128,_RNvNtCs1EikdFdU5en_12amber_ledger6engine16account_from_row
FN:1154,_RNvNtCs1EikdFdU5en_12amber_ledger6engine17fetch_idempotency
FN:1142,_RNvNtCs1EikdFdU5en_12amber_ledger6engine18parse_account_type
FN:1169,_RNvNtCs1EikdFdU5en_12amber_ledger6engine24set_idempotency_response
FN:1198,_RNvNtCs1EikdFdU5en_12amber_ledger6engine9hash_spec
FN:1188,_RNCNvNtCs1EikdFdU5en_12amber_ledger6engine15replay_response0B5_
FN:1192,_RNCNvNtCs1EikdFdU5en_12amber_ledger6engine15replay_responses_0B5_
FN:460,_RNCNCNvMNtCs1EikdFdU5en_12amber_ledger6engineNtB6_12LedgerEngine12post_payment00B8_
FN:725,_RNCNCNvMNtCs1EikdFdU5en_12amber_ledger6engineNtB6_12LedgerEngine15execute_journal0s0_0B8_
FN:736,_RNCNCNvMNtCs1EikdFdU5en_12amber_ledger6engineNtB6_12LedgerEngine15execute_journal0s2_0B8_
FN:784,_RNCNCNvMNtCs1EikdFdU5en_12amber_ledger6engineNtB6_12LedgerEngine15execute_journal0s4_0B8_
FN:790,_RNCNCNvMNtCs1EikdFdU5en_12amber_ledger6engineNtB6_12LedgerEngine15execute_journal0s6_0B8_
FN:711,_RNCNCNvMNtCs1EikdFdU5en_12amber_ledger6engineNtB6_12LedgerEngine15execute_journal0s_0B8_
FN:1166,_RNCNCNvNtCs1EikdFdU5en_12amber_ledger6engine17fetch_idempotency00B7_
FN:134,_RNCNvMNtCs1EikdFdU5en_12amber_ledger6engineNtB4_12LedgerEngine10hold_funds0B6_
FN:205,_RNCNvMNtCs1EikdFdU5en_12amber_ledger6engineNtB4_12LedgerEngine12capture_hold0B6_
FN:560,_RNCNvMNtCs1EikdFdU5en_12amber_ledger6engineNtB4_12LedgerEngine12expire_holds0B6_
FN:113,_RNCNvMNtCs1EikdFdU5en_12amber_ledger6engineNtB4_12LedgerEngine12post_journal0B6_
FN:436,_RNCNvMNtCs1EikdFdU5en_12amber_ledger6engineNtB4_12LedgerEngine12post_payment0B6_
FN:268,_RNCNvMNtCs1EikdFdU5en_12amber_ledger6engineNtB4_12LedgerEngine12release_hold0B6_
FN:336,_RNCNvMNtCs1EikdFdU5en_12amber_ledger6engineNtB4_12LedgerEngine14create_account0B6_
FN:688,_RNCNvMNtCs1EikdFdU5en_12amber_ledger6engineNtB4_12LedgerEngine15execute_journal0B6_
FN:636,_RNCNvMNtCs1EikdFdU5en_12amber_ledger6engineNtB4_12LedgerEngine20run_with_idempotency0B6_
FN:851,_RNCNvMNtCs1EikdFdU5en_12amber_ledger6engineNtB4_12LedgerEngine21find_platform_account0B6_
FN:874,_RNCNvMNtCs1EikdFdU5en_12amber_ledger6engineNtB4_12LedgerEngine9lock_hold0B6_
FN:1101,_RNCNvNtCs1EikdFdU5en_12amber_ledger6engine13lock_accounts0B5_
FN:1214,_RNCNvNtCs1EikdFdU5en_12amber_ledger6engine15set_hold_status0B5_
FN:1158,_RNCNvNtCs1EikdFdU5en_12amber_ledger6engine17fetch_idempotency0B5_
FN:1174,_RNCNvNtCs1EikdFdU5en_12amber_ledger6engine24set_idempotency_response0B5_
FN:460,_RNCNCNvMNtCsbZvAovu9Jal_12amber_ledger6engineNtB6_12LedgerEngine12post_payment00B8_
FN:725,_RNCNCNvMNtCsbZvAovu9Jal_12amber_ledger6engineNtB6_12LedgerEngine15execute_journal0s0_0B8_
FN:736,_RNCNCNvMNtCsbZvAovu9Jal_12amber_ledger6engineNtB6_12LedgerEngine15execute_journal0s2_0B8_
FN:784,_RNCNCNvMNtCsbZvAovu9Jal_12amber_ledger6engineNtB6_12LedgerEngine15execute_journal0s4_0B8_
FN:790,_RNCNCNvMNtCsbZvAovu9Jal_12amber_ledger6engineNtB6_12LedgerEngine15execute_journal0s6_0B8_
FN:711,_RNCNCNvMNtCsbZvAovu9Jal_12amber_ledger6engineNtB6_12LedgerEngine15execute_journal0s_0B8_
FN:1166,_RNCNCNvNtCsbZvAovu9Jal_12amber_ledger6engine17fetch_idempotency00B7_
FN:134,_RNCNvMNtCsbZvAovu9Jal_12amber_ledger6engineNtB4_12LedgerEngine10hold_funds0B6_
FN:205,_RNCNvMNtCsbZvAovu9Jal_12amber_ledger6engineNtB4_12LedgerEngine12capture_hold0B6_
FN:560,_RNCNvMNtCsbZvAovu9Jal_12amber_ledger6engineNtB4_12LedgerEngine12expire_holds0B6_
FN:113,_RNCNvMNtCsbZvAovu9Jal_12amber_ledger6engineNtB4_12LedgerEngine12post_journal0B6_
FN:436,_RNCNvMNtCsbZvAovu9Jal_12amber_ledger6engineNtB4_12LedgerEngine12post_payment0B6_
FN:268,_RNCNvMNtCsbZvAovu9Jal_12amber_ledger6engineNtB4_12LedgerEngine12release_hold0B6_
FN:336,_RNCNvMNtCsbZvAovu9Jal_12amber_ledger6engineNtB4_12LedgerEngine14create_account0B6_
FN:688,_RNCNvMNtCsbZvAovu9Jal_12amber_ledger6engineNtB4_12LedgerEngine15execute_journal0B6_
FN:636,_RNCNvMNtCsbZvAovu9Jal_12amber_ledger6engineNtB4_12LedgerEngine20run_with_idempotency0B6_
FN:851,_RNCNvMNtCsbZvAovu9Jal_12amber_ledger6engineNtB4_12LedgerEngine21find_platform_account0B6_
FN:874,_RNCNvMNtCsbZvAovu9Jal_12amber_ledger6engineNtB4_12LedgerEngine9lock_hold0B6_
FN:1101,_RNCNvNtCsbZvAovu9Jal_12amber_ledger6engine13lock_accounts0B5_
FN:1188,_RNCNvNtCsbZvAovu9Jal_12amber_ledger6engine15replay_response0B5_
FN:1192,_RNCNvNtCsbZvAovu9Jal_12amber_ledger6engine15replay_responses_0B5_
FN:1214,_RNCNvNtCsbZvAovu9Jal_12amber_ledger6engine15set_hold_status0B5_
FN:1158,_RNCNvNtCsbZvAovu9Jal_12amber_ledger6engine17fetch_idempotency0B5_
FN:1174,_RNCNvNtCsbZvAovu9Jal_12amber_ledger6engine24set_idempotency_response0B5_
FN:134,_RNvMNtCsbZvAovu9Jal_12amber_ledger6engineNtB2_12LedgerEngine10hold_funds
FN:205,_RNvMNtCsbZvAovu9Jal_12amber_ledger6engineNtB2_12LedgerEngine12capture_hold
FN:560,_RNvMNtCsbZvAovu9Jal_12amber_ledger6engineNtB2_12LedgerEngine12expire_holds
FN:108,_RNvMNtCsbZvAovu9Jal_12amber_ledger6engineNtB2_12LedgerEngine12post_journal
FN:436,_RNvMNtCsbZvAovu9Jal_12amber_ledger6engineNtB2_12LedgerEngine12post_payment
FN:268,_RNvMNtCsbZvAovu9Jal_12amber_ledger6engineNtB2_12LedgerEngine12release_hold
FN:333,_RNvMNtCsbZvAovu9Jal_12amber_ledger6engineNtB2_12LedgerEngine14create_account
FN:681,_RNvMNtCsbZvAovu9Jal_12amber_ledger6engineNtB2_12LedgerEngine15execute_journal
FN:629,_RNvMNtCsbZvAovu9Jal_12amber_ledger6engineNtB2_12LedgerEngine20run_with_idempotency
FN:846,_RNvMNtCsbZvAovu9Jal_12amber_ledger6engineNtB2_12LedgerEngine21find_platform_account
FN:102,_RNvMNtCsbZvAovu9Jal_12amber_ledger6engineNtB2_12LedgerEngine3new
FN:870,_RNvMNtCsbZvAovu9Jal_12amber_ledger6engineNtB2_12LedgerEngine9lock_hold
FN:1044,_RNvNtCsbZvAovu9Jal_12amber_ledger6engine11check_funds
FN:995,_RNvNtCsbZvAovu9Jal_12amber_ledger6engine12payment_legs
FN:1098,_RNvNtCsbZvAovu9Jal_12amber_ledger6engine13lock_accounts
FN:1073,_RNvNtCsbZvAovu9Jal_12amber_ledger6engine13validate_spec
FN:1187,_RNvNtCsbZvAovu9Jal_12amber_ledger6engine15replay_response
FN:1210,_RNvNtCsbZvAovu9Jal_12amber_ledger6engine15set_hold_status
FN:1128,_RNvNtCsbZvAovu9Jal_12amber_ledger6engine16account_from_row
FN:1154,_RNvNtCsbZvAovu9Jal_12amber_ledger6engine17fetch_idempotency
FN:1142,_RNvNtCsbZvAovu9Jal_12amber_ledger6engine18parse_account_type
FN:1169,_RNvNtCsbZvAovu9Jal_12amber_ledger6engine24set_idempotency_response
FN:1198,_RNvNtCsbZvAovu9Jal_12amber_ledger6engine9hash_spec
FN:725,_RNCNCNvMNtCs1EikdFdU5en_12amber_ledger6engineNtB6_12LedgerEngine15execute_journal0s0_0CsjJIPcHWIBcm_6engine
FN:736,_RNCNCNvMNtCs1EikdFdU5en_12amber_ledger6engineNtB6_12LedgerEngine15execute_journal0s2_0CsjJIPcHWIBcm_6engine
FN:784,_RNCNCNvMNtCs1EikdFdU5en_12amber_ledger6engineNtB6_12LedgerEngine15execute_journal0s4_0CsjJIPcHWIBcm_6engine
FN:790,_RNCNCNvMNtCs1EikdFdU5en_12amber_ledger6engineNtB6_12LedgerEngine15execute_journal0s6_0CsjJIPcHWIBcm_6engine
FN:711,_RNCNCNvMNtCs1EikdFdU5en_12amber_ledger6engineNtB6_12LedgerEngine15execute_journal0s_0CsjJIPcHWIBcm_6engine
FN:1166,_RNCNCNvNtCs1EikdFdU5en_12amber_ledger6engine17fetch_idempotency00CsjJIPcHWIBcm_6engine
FN:134,_RNCNvMNtCs1EikdFdU5en_12amber_ledger6engineNtB4_12LedgerEngine10hold_funds0CsjJIPcHWIBcm_6engine
FN:205,_RNCNvMNtCs1EikdFdU5en_12amber_ledger6engineNtB4_12LedgerEngine12capture_hold0CsjJIPcHWIBcm_6engine
FN:560,_RNCNvMNtCs1EikdFdU5en_12amber_ledger6engineNtB4_12LedgerEngine12expire_holds0CsjJIPcHWIBcm_6engine
FN:113,_RNCNvMNtCs1EikdFdU5en_12amber_ledger6engineNtB4_12LedgerEngine12post_journal0CsjJIPcHWIBcm_6engine
FN:268,_RNCNvMNtCs1EikdFdU5en_12amber_ledger6engineNtB4_12LedgerEngine12release_hold0CsjJIPcHWIBcm_6engine
FN:688,_RNCNvMNtCs1EikdFdU5en_12amber_ledger6engineNtB4_12LedgerEngine15execute_journal0CsjJIPcHWIBcm_6engine
FN:636,_RNCNvMNtCs1EikdFdU5en_12amber_ledger6engineNtB4_12LedgerEngine20run_with_idempotency0CsjJIPcHWIBcm_6engine
FN:851,_RNCNvMNtCs1EikdFdU5en_12amber_ledger6engineNtB4_12LedgerEngine21find_platform_account0CsjJIPcHWIBcm_6engine
FN:874,_RNCNvMNtCs1EikdFdU5en_12amber_ledger6engineNtB4_12LedgerEngine9lock_hold0CsjJIPcHWIBcm_6engine
FN:1101,_RNCNvNtCs1EikdFdU5en_12amber_ledger6engine13lock_accounts0CsjJIPcHWIBcm_6engine
FN:1214,_RNCNvNtCs1EikdFdU5en_12amber_ledger6engine15set_hold_status0CsjJIPcHWIBcm_6engine
FN:1158,_RNCNvNtCs1EikdFdU5en_12amber_ledger6engine17fetch_idempotency0CsjJIPcHWIBcm_6engine
FN:1174,_RNCNvNtCs1EikdFdU5en_12amber_ledger6engine24set_idempotency_response0CsjJIPcHWIBcm_6engine
FN:460,_RNCNCNvMNtCs1EikdFdU5en_12amber_ledger6engineNtB6_12LedgerEngine12post_payment00Cs4qLsc7muOes_4fees
FN:725,_RNCNCNvMNtCs1EikdFdU5en_12amber_ledger6engineNtB6_12LedgerEngine15execute_journal0s0_0Cs4qLsc7muOes_4fees
FN:736,_RNCNCNvMNtCs1EikdFdU5en_12amber_ledger6engineNtB6_12LedgerEngine15execute_journal0s2_0Cs4qLsc7muOes_4fees
FN:784,_RNCNCNvMNtCs1EikdFdU5en_12amber_ledger6engineNtB6_12LedgerEngine15execute_journal0s4_0Cs4qLsc7muOes_4fees
FN:790,_RNCNCNvMNtCs1EikdFdU5en_12amber_ledger6engineNtB6_12LedgerEngine15execute_journal0s6_0Cs4qLsc7muOes_4fees
FN:711,_RNCNCNvMNtCs1EikdFdU5en_12amber_ledger6engineNtB6_12LedgerEngine15execute_journal0s_0Cs4qLsc7muOes_4fees
FN:1166,_RNCNCNvNtCs1EikdFdU5en_12amber_ledger6engine17fetch_idempotency00Cs4qLsc7muOes_4fees
FN:113,_RNCNvMNtCs1EikdFdU5en_12amber_ledger6engineNtB4_12LedgerEngine12post_journal0Cs4qLsc7muOes_4fees
FN:436,_RNCNvMNtCs1EikdFdU5en_12amber_ledger6engineNtB4_12LedgerEngine12post_payment0Cs4qLsc7muOes_4fees
FN:688,_RNCNvMNtCs1EikdFdU5en_12amber_ledger6engineNtB4_12LedgerEngine15execute_journal0Cs4qLsc7muOes_4fees
FN:636,_RNCNvMNtCs1EikdFdU5en_12amber_ledger6engineNtB4_12LedgerEngine20run_with_idempotency0Cs4qLsc7muOes_4fees
FN:851,_RNCNvMNtCs1EikdFdU5en_12amber_ledger6engineNtB4_12LedgerEngine21find_platform_account0Cs4qLsc7muOes_4fees
FN:1101,_RNCNvNtCs1EikdFdU5en_12amber_ledger6engine13lock_accounts0Cs4qLsc7muOes_4fees
FN:1214,_RNCNvNtCs1EikdFdU5en_12amber_ledger6engine15set_hold_status0Cs4qLsc7muOes_4fees
FN:1158,_RNCNvNtCs1EikdFdU5en_12amber_ledger6engine17fetch_idempotency0Cs4qLsc7muOes_4fees
FN:1174,_RNCNvNtCs1EikdFdU5en_12amber_ledger6engine24set_idempotency_response0Cs4qLsc7muOes_4fees
FN:725,_RNCNCNvMNtCs1EikdFdU5en_12amber_ledger6engineNtB6_12LedgerEngine15execute_journal0s0_0CslQ8lzk6sATe_9reconcile
FN:736,_RNCNCNvMNtCs1EikdFdU5en_12amber_ledger6engineNtB6_12LedgerEngine15execute_journal0s2_0CslQ8lzk6sATe_9reconcile
FN:784,_RNCNCNvMNtCs1EikdFdU5en_12amber_ledger6engineNtB6_12LedgerEngine15execute_journal0s4_0CslQ8lzk6sATe_9reconcile
FN:790,_RNCNCNvMNtCs1EikdFdU5en_12amber_ledger6engineNtB6_12LedgerEngine15execute_journal0s6_0CslQ8lzk6sATe_9reconcile
FN:711,_RNCNCNvMNtCs1EikdFdU5en_12amber_ledger6engineNtB6_12LedgerEngine15execute_journal0s_0CslQ8lzk6sATe_9reconcile
FN:1166,_RNCNCNvNtCs1EikdFdU5en_12amber_ledger6engine17fetch_idempotency00CslQ8lzk6sATe_9reconcile
FN:113,_RNCNvMNtCs1EikdFdU5en_12amber_ledger6engineNtB4_12LedgerEngine12post_journal0CslQ8lzk6sATe_9reconcile
FN:688,_RNCNvMNtCs1EikdFdU5en_12amber_ledger6engineNtB4_12LedgerEngine15execute_journal0CslQ8lzk6sATe_9reconcile
FN:636,_RNCNvMNtCs1EikdFdU5en_12amber_ledger6engineNtB4_12LedgerEngine20run_with_idempotency0CslQ8lzk6sATe_9reconcile
FN:1101,_RNCNvNtCs1EikdFdU5en_12amber_ledger6engine13lock_accounts0CslQ8lzk6sATe_9reconcile
FN:1214,_RNCNvNtCs1EikdFdU5en_12amber_ledger6engine15set_hold_status0CslQ8lzk6sATe_9reconcile
FN:1158,_RNCNvNtCs1EikdFdU5en_12amber_ledger6engine17fetch_idempotency0CslQ8lzk6sATe_9reconcile
FN:1174,_RNCNvNtCs1EikdFdU5en_12amber_ledger6engine24set_idempotency_response0CslQ8lzk6sATe_9reconcile
FNDA:0,_RNCNCNvMNtCs1EikdFdU5en_12amber_ledger6engineNtB6_12LedgerEngine15execute_journal0s0_0CslOTKzO9DU21_8accounts
FNDA:0,_RNCNCNvMNtCs1EikdFdU5en_12amber_ledger6engineNtB6_12LedgerEngine15execute_journal0s2_0CslOTKzO9DU21_8accounts
FNDA:0,_RNCNCNvMNtCs1EikdFdU5en_12amber_ledger6engineNtB6_12LedgerEngine15execute_journal0s4_0CslOTKzO9DU21_8accounts
FNDA:0,_RNCNCNvMNtCs1EikdFdU5en_12amber_ledger6engineNtB6_12LedgerEngine15execute_journal0s6_0CslOTKzO9DU21_8accounts
FNDA:0,_RNCNCNvMNtCs1EikdFdU5en_12amber_ledger6engineNtB6_12LedgerEngine15execute_journal0s_0CslOTKzO9DU21_8accounts
FNDA:0,_RNCNCNvNtCs1EikdFdU5en_12amber_ledger6engine17fetch_idempotency00CslOTKzO9DU21_8accounts
FNDA:0,_RNCNvMNtCs1EikdFdU5en_12amber_ledger6engineNtB4_12LedgerEngine12post_journal0CslOTKzO9DU21_8accounts
FNDA:14,_RNCNvMNtCs1EikdFdU5en_12amber_ledger6engineNtB4_12LedgerEngine14create_account0CslOTKzO9DU21_8accounts
FNDA:0,_RNCNvMNtCs1EikdFdU5en_12amber_ledger6engineNtB4_12LedgerEngine15execute_journal0CslOTKzO9DU21_8accounts
FNDA:0,_RNCNvMNtCs1EikdFdU5en_12amber_ledger6engineNtB4_12LedgerEngine20run_with_idempotency0CslOTKzO9DU21_8accounts
FNDA:0,_RNCNvNtCs1EikdFdU5en_12amber_ledger6engine13lock_accounts0CslOTKzO9DU21_8accounts
FNDA:0,_RNCNvNtCs1EikdFdU5en_12amber_ledger6engine15set_hold_status0CslOTKzO9DU21_8accounts
FNDA:0,_RNCNvNtCs1EikdFdU5en_12amber_ledger6engine17fetch_idempotency0CslOTKzO9DU21_8accounts
FNDA:0,_RNCNvNtCs1EikdFdU5en_12amber_ledger6engine24set_idempotency_response0CslOTKzO9DU21_8accounts
FNDA:5,_RNvMNtCs1EikdFdU5en_12amber_ledger6engineNtB2_12LedgerEngine10hold_funds
FNDA:2,_RNvMNtCs1EikdFdU5en_12amber_ledger6engineNtB2_12LedgerEngine12capture_hold
FNDA:1,_RNvMNtCs1EikdFdU5en_12amber_ledger6engineNtB2_12LedgerEngine12expire_holds
FNDA:37,_RNvMNtCs1EikdFdU5en_12amber_ledger6engineNtB2_12LedgerEngine12post_journal
FNDA:7,_RNvMNtCs1EikdFdU5en_12amber_ledger6engineNtB2_12LedgerEngine12post_payment
FNDA:3,_RNvMNtCs1EikdFdU5en_12amber_ledger6engineNtB2_12LedgerEngine12release_hold
FNDA:14,_RNvMNtCs1EikdFdU5en_12amber_ledger6engineNtB2_12LedgerEngine14create_account
FNDA:53,_RNvMNtCs1EikdFdU5en_12amber_ledger6engineNtB2_12LedgerEngine15execute_journal
FNDA:55,_RNvMNtCs1EikdFdU5en_12amber_ledger6engineNtB2_12LedgerEngine20run_with_idempotency
FNDA:12,_RNvMNtCs1EikdFdU5en_12amber_ledger6engineNtB2_12LedgerEngine21find_platform_account
FNDA:43,_RNvMNtCs1EikdFdU5en_12amber_ledger6engineNtB2_12LedgerEngine3new
FNDA:6,_RNvMNtCs1EikdFdU5en_12amber_ledger6engineNtB2_12LedgerEngine9lock_hold
FNDA:821,_RNvNtCs1EikdFdU5en_12amber_ledger6engine11check_funds
FNDA:521,_RNvNtCs1EikdFdU5en_12amber_ledger6engine12payment_legs
FNDA:53,_RNvNtCs1EikdFdU5en_12amber_ledger6engine13lock_accounts
FNDA:824,_RNvNtCs1EikdFdU5en_12amber_ledger6engine13validate_spec
FNDA:3,_RNvNtCs1EikdFdU5en_12amber_ledger6engine15replay_response
FNDA:4,_RNvNtCs1EikdFdU5en_12amber_ledger6engine15set_hold_status
FNDA:125,_RNvNtCs1EikdFdU5en_12amber_ledger6engine16account_from_row
FNDA:55,_RNvNtCs1EikdFdU5en_12amber_ledger6engine17fetch_idempotency
FNDA:125,_RNvNtCs1EikdFdU5en_12amber_ledger6engine18parse_account_type
FNDA:52,_RNvNtCs1EikdFdU5en_12amber_ledger6engine24set_idempotency_response
FNDA:52,_RNvNtCs1EikdFdU5en_12amber_ledger6engine9hash_spec
FNDA:0,_RNCNvNtCs1EikdFdU5en_12amber_ledger6engine15replay_response0B5_
FNDA:0,_RNCNvNtCs1EikdFdU5en_12amber_ledger6engine15replay_responses_0B5_
FNDA:0,_RNCNCNvMNtCs1EikdFdU5en_12amber_ledger6engineNtB6_12LedgerEngine12post_payment00B8_
FNDA:0,_RNCNCNvMNtCs1EikdFdU5en_12amber_ledger6engineNtB6_12LedgerEngine15execute_journal0s0_0B8_
FNDA:0,_RNCNCNvMNtCs1EikdFdU5en_12amber_ledger6engineNtB6_12LedgerEngine15execute_journal0s2_0B8_
FNDA:0,_RNCNCNvMNtCs1EikdFdU5en_12amber_ledger6engineNtB6_12LedgerEngine15execute_journal0s4_0B8_
FNDA:0,_RNCNCNvMNtCs1EikdFdU5en_12amber_ledger6engineNtB6_12LedgerEngine15execute_journal0s6_0B8_
FNDA:0,_RNCNCNvMNtCs1EikdFdU5en_12amber_ledger6engineNtB6_12LedgerEngine15execute_journal0s_0B8_
FNDA:0,_RNCNCNvNtCs1EikdFdU5en_12amber_ledger6engine17fetch_idempotency00B7_
FNDA:0,_RNCNvMNtCs1EikdFdU5en_12amber_ledger6engineNtB4_12LedgerEngine10hold_funds0B6_
FNDA:0,_RNCNvMNtCs1EikdFdU5en_12amber_ledger6engineNtB4_12LedgerEngine12capture_hold0B6_
FNDA:0,_RNCNvMNtCs1EikdFdU5en_12amber_ledger6engineNtB4_12LedgerEngine12expire_holds0B6_
FNDA:0,_RNCNvMNtCs1EikdFdU5en_12amber_ledger6engineNtB4_12LedgerEngine12post_journal0B6_
FNDA:0,_RNCNvMNtCs1EikdFdU5en_12amber_ledger6engineNtB4_12LedgerEngine12post_payment0B6_
FNDA:0,_RNCNvMNtCs1EikdFdU5en_12amber_ledger6engineNtB4_12LedgerEngine12release_hold0B6_
FNDA:0,_RNCNvMNtCs1EikdFdU5en_12amber_ledger6engineNtB4_12LedgerEngine14create_account0B6_
FNDA:0,_RNCNvMNtCs1EikdFdU5en_12amber_ledger6engineNtB4_12LedgerEngine15execute_journal0B6_
FNDA:0,_RNCNvMNtCs1EikdFdU5en_12amber_ledger6engineNtB4_12LedgerEngine20run_with_idempotency0B6_
FNDA:0,_RNCNvMNtCs1EikdFdU5en_12amber_ledger6engineNtB4_12LedgerEngine21find_platform_account0B6_
FNDA:0,_RNCNvMNtCs1EikdFdU5en_12amber_ledger6engineNtB4_12LedgerEngine9lock_hold0B6_
FNDA:0,_RNCNvNtCs1EikdFdU5en_12amber_ledger6engine13lock_accounts0B5_
FNDA:0,_RNCNvNtCs1EikdFdU5en_12amber_ledger6engine15set_hold_status0B5_
FNDA:0,_RNCNvNtCs1EikdFdU5en_12amber_ledger6engine17fetch_idempotency0B5_
FNDA:0,_RNCNvNtCs1EikdFdU5en_12amber_ledger6engine24set_idempotency_response0B5_
FNDA:0,_RNCNCNvMNtCsbZvAovu9Jal_12amber_ledger6engineNtB6_12LedgerEngine12post_payment00B8_
FNDA:0,_RNCNCNvMNtCsbZvAovu9Jal_12amber_ledger6engineNtB6_12LedgerEngine15execute_journal0s0_0B8_
FNDA:0,_RNCNCNvMNtCsbZvAovu9Jal_12amber_ledger6engineNtB6_12LedgerEngine15execute_journal0s2_0B8_
FNDA:0,_RNCNCNvMNtCsbZvAovu9Jal_12amber_ledger6engineNtB6_12LedgerEngine15execute_journal0s4_0B8_
FNDA:0,_RNCNCNvMNtCsbZvAovu9Jal_12amber_ledger6engineNtB6_12LedgerEngine15execute_journal0s6_0B8_
FNDA:0,_RNCNCNvMNtCsbZvAovu9Jal_12amber_ledger6engineNtB6_12LedgerEngine15execute_journal0s_0B8_
FNDA:0,_RNCNCNvNtCsbZvAovu9Jal_12amber_ledger6engine17fetch_idempotency00B7_
FNDA:0,_RNCNvMNtCsbZvAovu9Jal_12amber_ledger6engineNtB4_12LedgerEngine10hold_funds0B6_
FNDA:0,_RNCNvMNtCsbZvAovu9Jal_12amber_ledger6engineNtB4_12LedgerEngine12capture_hold0B6_
FNDA:0,_RNCNvMNtCsbZvAovu9Jal_12amber_ledger6engineNtB4_12LedgerEngine12expire_holds0B6_
FNDA:0,_RNCNvMNtCsbZvAovu9Jal_12amber_ledger6engineNtB4_12LedgerEngine12post_journal0B6_
FNDA:0,_RNCNvMNtCsbZvAovu9Jal_12amber_ledger6engineNtB4_12LedgerEngine12post_payment0B6_
FNDA:0,_RNCNvMNtCsbZvAovu9Jal_12amber_ledger6engineNtB4_12LedgerEngine12release_hold0B6_
FNDA:0,_RNCNvMNtCsbZvAovu9Jal_12amber_ledger6engineNtB4_12LedgerEngine14create_account0B6_
FNDA:0,_RNCNvMNtCsbZvAovu9Jal_12amber_ledger6engineNtB4_12LedgerEngine15execute_journal0B6_
FNDA:0,_RNCNvMNtCsbZvAovu9Jal_12amber_ledger6engineNtB4_12LedgerEngine20run_with_idempotency0B6_
FNDA:0,_RNCNvMNtCsbZvAovu9Jal_12amber_ledger6engineNtB4_12LedgerEngine21find_platform_account0B6_
FNDA:0,_RNCNvMNtCsbZvAovu9Jal_12amber_ledger6engineNtB4_12LedgerEngine9lock_hold0B6_
FNDA:0,_RNCNvNtCsbZvAovu9Jal_12amber_ledger6engine13lock_accounts0B5_
FNDA:0,_RNCNvNtCsbZvAovu9Jal_12amber_ledger6engine15replay_response0B5_
FNDA:0,_RNCNvNtCsbZvAovu9Jal_12amber_ledger6engine15replay_responses_0B5_
FNDA:0,_RNCNvNtCsbZvAovu9Jal_12amber_ledger6engine15set_hold_status0B5_
FNDA:0,_RNCNvNtCsbZvAovu9Jal_12amber_ledger6engine17fetch_idempotency0B5_
FNDA:0,_RNCNvNtCsbZvAovu9Jal_12amber_ledger6engine24set_idempotency_response0B5_
FNDA:0,_RNvMNtCsbZvAovu9Jal_12amber_ledger6engineNtB2_12LedgerEngine10hold_funds
FNDA:0,_RNvMNtCsbZvAovu9Jal_12amber_ledger6engineNtB2_12LedgerEngine12capture_hold
FNDA:0,_RNvMNtCsbZvAovu9Jal_12amber_ledger6engineNtB2_12LedgerEngine12expire_holds
FNDA:0,_RNvMNtCsbZvAovu9Jal_12amber_ledger6engineNtB2_12LedgerEngine12post_journal
FNDA:0,_RNvMNtCsbZvAovu9Jal_12amber_ledger6engineNtB2_12LedgerEngine12post_payment
FNDA:0,_RNvMNtCsbZvAovu9Jal_12amber_ledger6engineNtB2_12LedgerEngine12release_hold
FNDA:0,_RNvMNtCsbZvAovu9Jal_12amber_ledger6engineNtB2_12LedgerEngine14create_account
FNDA:0,_RNvMNtCsbZvAovu9Jal_12amber_ledger6engineNtB2_12LedgerEngine15execute_journal
FNDA:0,_RNvMNtCsbZvAovu9Jal_12amber_ledger6engineNtB2_12LedgerEngine20run_with_idempotency
FNDA:0,_RNvMNtCsbZvAovu9Jal_12amber_ledger6engineNtB2_12LedgerEngine21find_platform_account
FNDA:0,_RNvMNtCsbZvAovu9Jal_12amber_ledger6engineNtB2_12LedgerEngine3new
FNDA:0,_RNvMNtCsbZvAovu9Jal_12amber_ledger6engineNtB2_12LedgerEngine9lock_hold
FNDA:0,_RNvNtCsbZvAovu9Jal_12amber_ledger6engine11check_funds
FNDA:0,_RNvNtCsbZvAovu9Jal_12amber_ledger6engine12payment_legs
FNDA:0,_RNvNtCsbZvAovu9Jal_12amber_ledger6engine13lock_accounts
FNDA:0,_RNvNtCsbZvAovu9Jal_12amber_ledger6engine13validate_spec
FNDA:0,_RNvNtCsbZvAovu9Jal_12amber_ledger6engine15replay_response
FNDA:0,_RNvNtCsbZvAovu9Jal_12amber_ledger6engine15set_hold_status
FNDA:0,_RNvNtCsbZvAovu9Jal_12amber_ledger6engine16account_from_row
FNDA:0,_RNvNtCsbZvAovu9Jal_12amber_ledger6engine17fetch_idempotency
FNDA:0,_RNvNtCsbZvAovu9Jal_12amber_ledger6engine18parse_account_type
FNDA:0,_RNvNtCsbZvAovu9Jal_12amber_ledger6engine24set_idempotency_response
FNDA:0,_RNvNtCsbZvAovu9Jal_12amber_ledger6engine9hash_spec
FNDA:69,_RNCNCNvMNtCs1EikdFdU5en_12amber_ledger6engineNtB6_12LedgerEngine15execute_journal0s0_0CsjJIPcHWIBcm_6engine
FNDA:64,_RNCNCNvMNtCs1EikdFdU5en_12amber_ledger6engineNtB6_12LedgerEngine15execute_journal0s2_0CsjJIPcHWIBcm_6engine
FNDA:4,_RNCNCNvMNtCs1EikdFdU5en_12amber_ledger6engineNtB6_12LedgerEngine15execute_journal0s4_0CsjJIPcHWIBcm_6engine
FNDA:4,_RNCNCNvMNtCs1EikdFdU5en_12amber_ledger6engineNtB6_12LedgerEngine15execute_journal0s6_0CsjJIPcHWIBcm_6engine
FNDA:69,_RNCNCNvMNtCs1EikdFdU5en_12amber_ledger6engineNtB6_12LedgerEngine15execute_journal0s_0CsjJIPcHWIBcm_6engine
FNDA:1,_RNCNCNvNtCs1EikdFdU5en_12amber_ledger6engine17fetch_idempotency00CsjJIPcHWIBcm_6engine
FNDA:5,_RNCNvMNtCs1EikdFdU5en_12amber_ledger6engineNtB4_12LedgerEngine10hold_funds0CsjJIPcHWIBcm_6engine
FNDA:2,_RNCNvMNtCs1EikdFdU5en_12amber_ledger6engineNtB4_12LedgerEngine12capture_hold0CsjJIPcHWIBcm_6engine
FNDA:1,_RNCNvMNtCs1EikdFdU5en_12amber_ledger6engineNtB4_12LedgerEngine12expire_holds0CsjJIPcHWIBcm_6engine
FNDA:26,_RNCNvMNtCs1EikdFdU5en_12amber_ledger6engineNtB4_12LedgerEngine12post_journal0CsjJIPcHWIBcm_6engine
FNDA:3,_RNCNvMNtCs1EikdFdU5en_12amber_ledger6engineNtB4_12LedgerEngine12release_hold0CsjJIPcHWIBcm_6engine
FNDA:33,_RNCNvMNtCs1EikdFdU5en_12amber_ledger6engineNtB4_12LedgerEngine15execute_journal0CsjJIPcHWIBcm_6engine
FNDA:33,_RNCNvMNtCs1EikdFdU5en_12amber_ledger6engineNtB4_12LedgerEngine20run_with_idempotency0CsjJIPcHWIBcm_6engine
FNDA:5,_RNCNvMNtCs1EikdFdU5en_12amber_ledger6engineNtB4_12LedgerEngine21find_platform_account0CsjJIPcHWIBcm_6engine
FNDA:6,_RNCNvMNtCs1EikdFdU5en_12amber_ledger6engineNtB4_12LedgerEngine9lock_hold0CsjJIPcHWIBcm_6engine
FNDA:33,_RNCNvNtCs1EikdFdU5en_12amber_ledger6engine13lock_accounts0CsjJIPcHWIBcm_6engine
FNDA:4,_RNCNvNtCs1EikdFdU5en_12amber_ledger6engine15set_hold_status0CsjJIPcHWIBcm_6engine
FNDA:33,_RNCNvNtCs1EikdFdU5en_12amber_ledger6engine17fetch_idempotency0CsjJIPcHWIBcm_6engine
FNDA:33,_RNCNvNtCs1EikdFdU5en_12amber_ledger6engine24set_idempotency_response0CsjJIPcHWIBcm_6engine
FNDA:5,_RNCNCNvMNtCs1EikdFdU5en_12amber_ledger6engineNtB6_12LedgerEngine12post_payment00Cs4qLsc7muOes_4fees
FNDA:34,_RNCNCNvMNtCs1EikdFdU5en_12amber_ledger6engineNtB6_12LedgerEngine15execute_journal0s0_0Cs4qLsc7muOes_4fees
FNDA:32,_RNCNCNvMNtCs1EikdFdU5en_12amber_ledger6engineNtB6_12LedgerEngine15execute_journal0s2_0Cs4qLsc7muOes_4fees
FNDA:0,_RNCNCNvMNtCs1EikdFdU5en_12amber_ledger6engineNtB6_12LedgerEngine15execute_journal0s4_0Cs4qLsc7muOes_4fees
FNDA:0,_RNCNCNvMNtCs1EikdFdU5en_12amber_ledger6engineNtB6_12LedgerEngine15execute_journal0s6_0Cs4qLsc7muOes_4fees
FNDA:34,_RNCNCNvMNtCs1EikdFdU5en_12amber_ledger6engineNtB6_12LedgerEngine15execute_journal0s_0Cs4qLsc7muOes_4fees
FNDA:2,_RNCNCNvNtCs1EikdFdU5en_12amber_ledger6engine17fetch_idempotency00Cs4qLsc7muOes_4fees
FNDA:6,_RNCNvMNtCs1EikdFdU5en_12amber_ledger6engineNtB4_12LedgerEngine12post_journal0Cs4qLsc7muOes_4fees
FNDA:7,_RNCNvMNtCs1EikdFdU5en_12amber_ledger6engineNtB4_12LedgerEngine12post_payment0Cs4qLsc7muOes_4fees
FNDA:15,_RNCNvMNtCs1EikdFdU5en_12amber_ledger6engineNtB4_12LedgerEngine15execute_journal0Cs4qLsc7muOes_4fees
FNDA:17,_RNCNvMNtCs1EikdFdU5en_12amber_ledger6engineNtB4_12LedgerEngine20run_with_idempotency0Cs4qLsc7muOes_4fees
FNDA:7,_RNCNvMNtCs1EikdFdU5en_12amber_ledger6engineNtB4_12LedgerEngine21find_platform_account0Cs4qLsc7muOes_4fees
FNDA:15,_RNCNvNtCs1EikdFdU5en_12amber_ledger6engine13lock_accounts0Cs4qLsc7muOes_4fees
FNDA:0,_RNCNvNtCs1EikdFdU5en_12amber_ledger6engine15set_hold_status0Cs4qLsc7muOes_4fees
FNDA:17,_RNCNvNtCs1EikdFdU5en_12amber_ledger6engine17fetch_idempotency0Cs4qLsc7muOes_4fees
FNDA:14,_RNCNvNtCs1EikdFdU5en_12amber_ledger6engine24set_idempotency_response0Cs4qLsc7muOes_4fees
FNDA:10,_RNCNCNvMNtCs1EikdFdU5en_12amber_ledger6engineNtB6_12LedgerEngine15execute_journal0s0_0CslQ8lzk6sATe_9reconcile
FNDA:10,_RNCNCNvMNtCs1EikdFdU5en_12amber_ledger6engineNtB6_12LedgerEngine15execute_journal0s2_0CslQ8lzk6sATe_9reconcile
FNDA:0,_RNCNCNvMNtCs1EikdFdU5en_12amber_ledger6engineNtB6_12LedgerEngine15execute_journal0s4_0CslQ8lzk6sATe_9reconcile
FNDA:0,_RNCNCNvMNtCs1EikdFdU5en_12amber_ledger6engineNtB6_12LedgerEngine15execute_journal0s6_0CslQ8lzk6sATe_9reconcile
FNDA:10,_RNCNCNvMNtCs1EikdFdU5en_12amber_ledger6engineNtB6_12LedgerEngine15execute_journal0s_0CslQ8lzk6sATe_9reconcile
FNDA:0,_RNCNCNvNtCs1EikdFdU5en_12amber_ledger6engine17fetch_idempotency00CslQ8lzk6sATe_9reconcile
FNDA:5,_RNCNvMNtCs1EikdFdU5en_12amber_ledger6engineNtB4_12LedgerEngine12post_journal0CslQ8lzk6sATe_9reconcile
FNDA:5,_RNCNvMNtCs1EikdFdU5en_12amber_ledger6engineNtB4_12LedgerEngine15execute_journal0CslQ8lzk6sATe_9reconcile
FNDA:5,_RNCNvMNtCs1EikdFdU5en_12amber_ledger6engineNtB4_12LedgerEngine20run_with_idempotency0CslQ8lzk6sATe_9reconcile
FNDA:5,_RNCNvNtCs1EikdFdU5en_12amber_ledger6engine13lock_accounts0CslQ8lzk6sATe_9reconcile
FNDA:0,_RNCNvNtCs1EikdFdU5en_12amber_ledger6engine15set_hold_status0CslQ8lzk6sATe_9reconcile
FNDA:5,_RNCNvNtCs1EikdFdU5en_12amber_ledger6engine17fetch_idempotency0CslQ8lzk6sATe_9reconcile
FNDA:5,_RNCNvNtCs1EikdFdU5en_12amber_ledger6engine24set_idempotency_response0CslQ8lzk6sATe_9reconcile
FNF:47
FNH:45
DA:102,43
DA:103,43
DA:104,43
DA:108,37
DA:109,37
DA:110,37
DA:111,37
DA:112,37
DA:113,37
DA:114,37
DA:116,36
DA:117,36
DA:118,36
DA:119,36
DA:121,34
DA:122,34
DA:123,34
DA:125,2
DA:126,2
DA:127,2
DA:130,37
DA:134,5
DA:135,5
DA:136,0
DA:137,0
DA:138,0
DA:139,5
DA:140,5
DA:143,5
DA:144,5
DA:145,5
DA:147,5
DA:148,5
DA:149,5
DA:150,5
DA:151,5
DA:152,5
DA:153,5
DA:154,5
DA:155,5
DA:156,5
DA:157,5
DA:158,5
DA:159,5
DA:160,5
DA:161,5
DA:162,5
DA:163,5
DA:164,5
DA:166,5
DA:167,5
DA:168,5
DA:169,5
DA:170,5
DA:171,5
DA:172,5
DA:173,5
DA:174,5
DA:175,5
DA:176,5
DA:177,5
DA:178,5
DA:179,5
DA:180,5
DA:183,4
DA:184,4
DA:185,4
DA:186,4
DA:189,4
DA:190,4
DA:191,4
DA:192,4
DA:193,4
DA:194,4
DA:195,4
DA:196,4
DA:197,4
DA:198,4
DA:199,4
DA:200,4
DA:201,5
DA:205,2
DA:206,2
DA:208,2
DA:209,2
DA:210,2
DA:211,0
DA:212,0
DA:213,0
DA:214,0
DA:215,0
DA:216,0
DA:219,2
DA:220,1
DA:221,1
DA:222,1
DA:224,1
DA:225,1
DA:226,1
DA:227,1
DA:228,1
DA:229,1
DA:230,1
DA:231,1
DA:232,1
DA:233,1
DA:234,1
DA:235,1
DA:236,1
DA:237,1
DA:238,1
DA:239,1
DA:240,1
DA:241,1
DA:243,1
DA:244,1
DA:245,1
DA:246,1
DA:247,1
DA:248,1
DA:249,1
DA:250,1
DA:251,1
DA:252,1
DA:254,1
DA:256,1
DA:257,0
DA:258,0
DA:259,0
DA:262,1
DA:263,1
DA:264,2
DA:268,3
DA:269,3
DA:271,3
DA:272,3
DA:273,3
DA:274,1
DA:275,1
DA:276,1
DA:277,1
DA:278,1
DA:279,1
DA:283,2
DA:284,2
DA:285,2
DA:286,2
DA:287,2
DA:288,2
DA:289,2
DA:290,2
DA:291,2
DA:292,2
DA:293,2
DA:294,2
DA:295,2
DA:296,2
DA:297,2
DA:298,2
DA:299,2
DA:300,2
DA:302,2
DA:303,2
DA:304,2
DA:305,2
DA:306,2
DA:307,2
DA:308,2
DA:309,2
DA:310,2
DA:311,2
DA:313,2
DA:315,2
DA:316,0
DA:317,0
DA:318,0
DA:321,2
DA:322,2
DA:323,3
DA:333,14
DA:334,14
DA:335,14
DA:336,14
DA:337,14
DA:338,14
DA:339,1
DA:340,1
DA:341,1
DA:342,1
DA:345,13
DA:346,12
DA:347,1
DA:348,1
DA:349,1
DA:350,1
DA:353,12
DA:354,0
DA:355,12
DA:358,12
DA:359,12
DA:360,12
DA:361,12
DA:362,12
DA:363,12
DA:364,12
DA:365,12
DA:366,12
DA:367,12
DA:368,12
DA:369,12
DA:370,8
DA:371,8
DA:372,8
DA:373,8
DA:374,8
DA:375,4
DA:377,4
DA:378,4
DA:379,4
DA:380,4
DA:381,4
DA:382,4
DA:383,4
DA:384,4
DA:385,4
DA:386,4
DA:387,4
DA:388,4
DA:389,4
DA:390,4
DA:392,4
DA:393,4
DA:394,4
DA:395,4
DA:396,4
DA:397,4
DA:398,0
DA:401,0
DA:402,0
DA:403,0
DA:404,0
DA:405,0
DA:406,0
DA:407,0
DA:408,0
DA:409,0
DA:410,0
DA:411,0
DA:412,0
DA:413,0
DA:414,0
DA:415,0
DA:416,0
DA:417,14
DA:436,7
DA:437,7
DA:438,0
DA:439,0
DA:440,0
DA:441,7
DA:442,7
DA:443,0
DA:444,0
DA:445,0
DA:446,0
DA:447,7
DA:448,7
DA:449,5
DA:450,0
DA:451,0
DA:452,0
DA:453,0
DA:454,5
DA:455,2
DA:457,7
DA:458,7
DA:459,7
DA:460,7
DA:461,7
DA:463,7
DA:464,7
DA:465,7
DA:466,7
DA:470,7
DA:471,7
DA:472,7
DA:473,7
DA:474,7
DA:475,7
DA:476,7
DA:477,7
DA:478,7
DA:479,7
DA:480,7
DA:481,7
DA:482,7
DA:484,7
DA:485,7
DA:486,7
DA:487,7
DA:488,7
DA:489,7
DA:490,7
DA:492,7
DA:494,7
DA:495,0
DA:496,0
DA:497,0
DA:504,7
DA:505,7
DA:506,4
DA:507,4
DA:508,4
DA:509,4
DA:510,4
DA:511,4
DA:512,4
DA:513,4
DA:514,4
DA:515,4
DA:516,4
DA:517,4
DA:518,4
DA:519,4
DA:520,4
DA:521,4
DA:522,4
DA:523,4
DA:524,4
DA:525,4
DA:526,4
DA:527,4
DA:529,4
DA:530,4
DA:531,4
DA:532,4
DA:533,4
DA:534,4
DA:535,4
DA:536,4
DA:538,4
DA:540,3
DA:541,1
DA:542,1
DA:543,1
DA:546,3
DA:547,3
DA:549,6
DA:550,6
DA:551,6
DA:552,6
DA:553,6
DA:554,6
DA:555,6
DA:556,7
DA:560,1
DA:561,1
DA:563,2
DA:564,2
DA:565,2
DA:566,2
DA:567,2
DA:568,2
DA:569,2
DA:571,2
DA:572,1
DA:573,1
DA:576,1
DA:577,1
DA:578,1
DA:579,1
DA:580,1
DA:581,1
DA:582,1
DA:583,1
DA:584,1
DA:585,1
DA:586,1
DA:587,1
DA:588,1
DA:589,1
DA:590,1
DA:591,1
DA:592,1
DA:593,1
DA:594,1
DA:595,1
DA:596,1
DA:597,1
DA:598,1
DA:599,1
DA:600,1
DA:601,1
DA:602,1
DA:603,1
DA:604,1
DA:605,1
DA:606,1
DA:607,1
DA:608,1
DA:609,1
DA:611,1
DA:612,1
DA:614,0
DA:615,0
DA:616,0
DA:620,1
DA:629,55
DA:630,55
DA:631,55
DA:632,55
DA:633,55
DA:634,55
DA:635,55
DA:636,55
DA:637,55
DA:638,3
DA:639,3
DA:640,3
DA:642,0
DA:643,0
DA:644,0
DA:645,0
DA:647,52
DA:651,52
DA:652,52
DA:653,52
DA:654,52
DA:655,52
DA:656,52
DA:657,52
DA:658,52
DA:659,52
DA:660,52
DA:661,52
DA:662,52
DA:663,0
DA:664,0
DA:665,0
DA:666,0
DA:667,52
DA:669,52
DA:670,52
DA:671,52
DA:672,48
DA:673,48
DA:674,48
DA:675,55
DA:681,53
DA:682,53
DA:683,53
DA:684,53
DA:685,53
DA:686,53
DA:687,53
DA:688,53
DA:693,53
DA:694,53
DA:695,9
DA:697,1
DA:700,2
DA:703,1
DA:704,4
DA:705,5
DA:707,44
DA:708,53
DA:709,53
DA:710,53
DA:711,113
DA:712,113
DA:713,113
DA:714,0
DA:715,113
DA:719,53
DA:723,53
DA:724,53
DA:725,113
DA:726,53
DA:727,53
DA:728,53
DA:732,49
DA:733,49
DA:734,49
DA:735,49
DA:736,106
DA:737,49
DA:738,49
DA:740,49
DA:741,49
DA:742,49
DA:743,49
DA:744,49
DA:745,49
DA:746,49
DA:747,49
DA:748,49
DA:749,49
DA:750,49
DA:751,49
DA:752,49
DA:753,49
DA:754,49
DA:755,49
DA:758,106
DA:759,106
DA:760,106
DA:761,106
DA:762,106
DA:763,106
DA:764,106
DA:765,106
DA:766,106
DA:767,106
DA:768,106
DA:769,106
DA:770,106
DA:774,8
DA:776,4
DA:777,4
DA:778,4
DA:781,4
DA:782,4
DA:783,4
DA:784,4
DA:785,4
DA:786,4
DA:787,4
DA:788,4
DA:789,4
DA:790,4
DA:791,4
DA:792,4
DA:793,4
DA:794,4
DA:795,4
DA:796,4
DA:797,4
DA:798,4
DA:799,4
DA:800,4
DA:801,4
DA:802,4
DA:803,4
DA:804,4
DA:805,4
DA:807,1
DA:808,1
DA:810,2
DA:811,2
DA:813,1
DA:814,1
DA:816,41
DA:820,49
DA:821,49
DA:822,49
DA:823,49
DA:824,49
DA:825,49
DA:826,49
DA:827,49
DA:828,49
DA:829,49
DA:830,49
DA:831,49
DA:832,49
DA:833,49
DA:834,49
DA:835,49
DA:839,105
DA:840,105
DA:843,49
DA:844,53
DA:846,12
DA:847,12
DA:848,12
DA:849,12
DA:850,12
DA:851,12
DA:852,12
DA:853,12
DA:854,12
DA:855,12
DA:856,12
DA:857,12
DA:858,12
DA:859,12
DA:860,12
DA:861,12
DA:862,12
DA:863,12
DA:864,12
DA:865,12
DA:866,12
DA:867,12
DA:868,12
DA:870,6
DA:871,6
DA:872,6
DA:873,6
DA:874,6
DA:875,6
DA:876,6
DA:877,6
DA:878,6
DA:879,6
DA:880,6
DA:881,6
DA:882,6
DA:884,6
DA:885,6
DA:886,6
DA:887,6
DA:888,6
DA:889,6
DA:890,6
DA:891,6
DA:892,6
DA:893,6
DA:894,6
DA:995,521
DA:996,521
DA:997,521
DA:998,521
DA:999,521
DA:1000,521
DA:1001,521
DA:1002,521
DA:1003,521
DA:1004,521
DA:1005,521
DA:1006,521
DA:1007,521
DA:1008,521
DA:1009,521
DA:1010,521
DA:1011,521
DA:1012,521
DA:1013,521
DA:1015,521
DA:1016,518
DA:1017,518
DA:1018,518
DA:1019,518
DA:1020,518
DA:1021,518
DA:1022,521
DA:1023,521
DA:1044,821
DA:1045,821
DA:1046,821
DA:1047,821
DA:1048,821
DA:1050,821
DA:1051,3172
DA:1052,3172
DA:1053,3172
DA:1054,1334
DA:1055,1838
DA:1058,2276
DA:1059,2276
DA:1060,986
DA:1061,986
DA:1062,409
DA:1063,409
DA:1064,409
DA:1065,409
DA:1066,409
DA:1067,577
DA:1068,1290
DA:1070,412
DA:1071,821
DA:1073,824
DA:1074,824
DA:1075,44
DA:1076,44
DA:1077,44
DA:1078,780
DA:1079,780
DA:1080,780
DA:1081,2030
DA:1082,2030
DA:1083,202
DA:1084,202
DA:1085,202
DA:1086,1828
DA:1087,1828
DA:1088,654
DA:1089,1174
DA:1092,578
DA:1093,11
DA:1094,567
DA:1095,567
DA:1096,824
DA:1098,53
DA:1099,53
DA:1100,53
DA:1101,53
DA:1102,53
DA:1103,53
DA:1104,53
DA:1105,53
DA:1106,53
DA:1107,53
DA:1108,53
DA:1109,53
DA:1111,53
DA:1112,53
DA:1113,113
DA:1114,113
DA:1115,113
DA:1116,0
DA:1117,113
DA:1118,113
DA:1120,113
DA:1121,113
DA:1122,0
DA:1123,113
DA:1125,53
DA:1126,53
DA:1128,125
DA:1129,125
DA:1130,125
DA:1131,125
DA:1132,125
DA:1133,125
DA:1134,125
DA:1135,125
DA:1136,125
DA:1137,125
DA:1138,125
DA:1139,125
DA:1140,125
DA:1142,125
DA:1143,125
DA:1144,125
DA:1145,55
DA:1146,52
DA:1147,38
DA:1148,22
DA:1149,22
DA:1150,0
DA:1152,125
DA:1154,55
DA:1155,55
DA:1156,55
DA:1157,55
DA:1158,55
DA:1159,55
DA:1160,55
DA:1161,55
DA:1162,55
DA:1163,55
DA:1164,55
DA:1165,55
DA:1166,55
DA:1167,55
DA:1169,52
DA:1170,52
DA:1171,52
DA:1172,52
DA:1173,52
DA:1174,52
DA:1175,52
DA:1176,52
DA:1177,52
DA:1178,52
DA:1179,52
DA:1180,52
DA:1181,52
DA:1182,52
DA:1183,52
DA:1184,52
DA:1187,3
DA:1188,3
DA:1189,0
DA:1190,0
DA:1191,3
DA:1192,3
DA:1193,0
DA:1194,0
DA:1195,3
DA:1196,3
DA:1198,52
DA:1199,52
DA:1200,52
DA:1201,52
DA:1202,112
DA:1203,112
DA:1204,112
DA:1205,112
DA:1206,112
DA:1207,52
DA:1208,52
DA:1210,4
DA:1211,4
DA:1212,4
DA:1213,4
DA:1214,4
DA:1215,4
DA:1216,4
DA:1217,3
DA:1218,0
DA:1220,4
DA:1221,4
DA:1222,4
DA:1223,4
DA:1224,4
DA:1225,4
DA:1226,4
DA:1227,4
DA:1228,4
DA:1229,4
BRF:0
BRH:0
LF:838
LH:767
end_of_record
SF:C:\Users\FOUAD\Desktop\AMBER PAY\ledger\src\money.rs
FN:19,_RNvMNtCs1EikdFdU5en_12amber_ledger5moneyNtB2_8Currency11minor_units
FN:31,_RNvMNtCs1EikdFdU5en_12amber_ledger5moneyNtB2_8Currency5parse
FN:24,_RNvMNtCs1EikdFdU5en_12amber_ledger5moneyNtB2_8Currency6as_str
FN:47,_RNvNtCs1EikdFdU5en_12amber_ledger5money9round_fee
FN:108,_RNvNtNtCsbZvAovu9Jal_12amber_ledger5money5testss_14currency_parse
FN:84,_RNvNtNtCsbZvAovu9Jal_12amber_ledger5money5testss_26fee_rounds_down_below_half
FN:92,_RNvNtNtCsbZvAovu9Jal_12amber_ledger5money5testss_30fee_never_negative_and_bounded
FN:72,_RNvNtNtCsbZvAovu9Jal_12amber_ledger5money5testss_9fee_exact
FN:19,_RNvMNtCsbZvAovu9Jal_12amber_ledger5moneyNtB2_8Currency11minor_units
FN:31,_RNvMNtCsbZvAovu9Jal_12amber_ledger5moneyNtB2_8Currency5parse
FN:24,_RNvMNtCsbZvAovu9Jal_12amber_ledger5moneyNtB2_8Currency6as_str
FN:47,_RNvNtCsbZvAovu9Jal_12amber_ledger5money9round_fee
FNDA:0,_RNvMNtCs1EikdFdU5en_12amber_ledger5moneyNtB2_8Currency11minor_units
FNDA:173,_RNvMNtCs1EikdFdU5en_12amber_ledger5moneyNtB2_8Currency5parse
FNDA:337,_RNvMNtCs1EikdFdU5en_12amber_ledger5moneyNtB2_8Currency6as_str
FNDA:2591,_RNvNtCs1EikdFdU5en_12amber_ledger5money9round_fee
FNDA:1,_RNvNtNtCsbZvAovu9Jal_12amber_ledger5money5testss_14currency_parse
FNDA:1,_RNvNtNtCsbZvAovu9Jal_12amber_ledger5money5testss_26fee_rounds_down_below_half
FNDA:1,_RNvNtNtCsbZvAovu9Jal_12amber_ledger5money5testss_30fee_never_negative_and_bounded
FNDA:1,_RNvNtNtCsbZvAovu9Jal_12amber_ledger5money5testss_9fee_exact
FNDA:1,_RNvMNtCsbZvAovu9Jal_12amber_ledger5moneyNtB2_8Currency11minor_units
FNDA:3,_RNvMNtCsbZvAovu9Jal_12amber_ledger5moneyNtB2_8Currency5parse
FNDA:1,_RNvMNtCsbZvAovu9Jal_12amber_ledger5moneyNtB2_8Currency6as_str
FNDA:277,_RNvNtCsbZvAovu9Jal_12amber_ledger5money9round_fee
FNF:8
FNH:8
DA:19,1
DA:20,1
DA:21,1
DA:24,338
DA:25,338
DA:26,338
DA:27,0
DA:29,338
DA:31,176
DA:32,176
DA:33,176
DA:34,2
DA:35,1
DA:37,176
DA:47,2868
DA:48,2868
DA:49,2868
DA:50,2868
DA:51,2868
DA:52,2868
DA:53,2868
DA:54,1564
DA:55,1043
DA:57,261
DA:58,130
DA:60,131
DA:64,2868
DA:72,1
DA:74,1
DA:76,1
DA:78,1
DA:80,1
DA:81,1
DA:84,1
DA:86,1
DA:87,1
DA:88,1
DA:89,1
DA:92,1
DA:93,14
DA:94,1
DA:95,1
DA:96,14
DA:97,14
DA:98,14
DA:99,14
DA:100,14
DA:101,14
DA:105,1
DA:108,1
DA:109,1
DA:110,1
DA:111,1
DA:112,1
DA:113,1
DA:114,1
BRF:0
BRH:0
LF:56
LH:55
end_of_record
SF:C:\Users\FOUAD\Desktop\AMBER PAY\ledger\src\reconcile.rs
FN:325,_RNCNCNvMs0_NtCs1EikdFdU5en_12amber_ledger9reconcileNtB9_16ReconcileService17fetch_ledger_refs00Bb_
FN:437,_RNCNCNvMs1_NtCs1EikdFdU5en_12amber_ledger9reconcileNtB9_9AlertSink6report00Bb_
FN:343,_RNCNvMs0_NtCs1EikdFdU5en_12amber_ledger9reconcileNtB7_16ReconcileService15bridge_movement0B9_
FN:289,_RNCNvMs0_NtCs1EikdFdU5en_12amber_ledger9reconcileNtB7_16ReconcileService17fetch_ledger_refs0B9_
FN:261,_RNCNvMs0_NtCs1EikdFdU5en_12amber_ledger9reconcileNtB7_16ReconcileService3run0B9_
FN:391,_RNCNvMs1_NtCs1EikdFdU5en_12amber_ledger9reconcileNtB7_9AlertSink6report0B9_
FN:556,_RNCNvMs2_NtCs1EikdFdU5en_12amber_ledger9reconcileNtB7_18ReconcileScheduler5spawn0B9_
FN:515,_RNCNvMs2_NtCs1EikdFdU5en_12amber_ledger9reconcileNtB7_18ReconcileScheduler8run_once0B9_
FN:230,_RNCNvMs_NtCs1EikdFdU5en_12amber_ledger9reconcileNtB6_19RailStatementSource5fetch0B8_
FN:177,_RNCNvNtCs1EikdFdU5en_12amber_ledger9reconcile9reconciles0_0B5_
FN:182,_RNCNvNtCs1EikdFdU5en_12amber_ledger9reconcile9reconciles1_0B5_
FN:40,_RNvMNtCs1EikdFdU5en_12amber_ledger9reconcileNtB2_4Rail6as_str
FN:338,_RNvMs0_NtCs1EikdFdU5en_12amber_ledger9reconcileNtB5_16ReconcileService15bridge_movement
FN:284,_RNvMs0_NtCs1EikdFdU5en_12amber_ledger9reconcileNtB5_16ReconcileService17fetch_ledger_refs
FN:247,_RNvMs0_NtCs1EikdFdU5en_12amber_ledger9reconcileNtB5_16ReconcileService3new
FN:254,_RNvMs0_NtCs1EikdFdU5en_12amber_ledger9reconcileNtB5_16ReconcileService3run
FN:391,_RNvMs1_NtCs1EikdFdU5en_12amber_ledger9reconcileNtB5_9AlertSink6report
FN:494,_RNvMs2_NtCs1EikdFdU5en_12amber_ledger9reconcileNtB5_18ReconcileScheduler3new
FN:552,_RNvMs2_NtCs1EikdFdU5en_12amber_ledger9reconcileNtB5_18ReconcileScheduler5spawn
FN:515,_RNvMs2_NtCs1EikdFdU5en_12amber_ledger9reconcileNtB5_18ReconcileScheduler8run_once
FN:224,_RNvMs_NtCs1EikdFdU5en_12amber_ledger9reconcileNtB4_19RailStatementSource5fetch
FN:124,_RNvNtCs1EikdFdU5en_12amber_ledger9reconcile9reconcile
FN:325,_RNCNCNvMs0_NtCsbZvAovu9Jal_12amber_ledger9reconcileNtB9_16ReconcileService17fetch_ledger_refs00Bb_
FN:437,_RNCNCNvMs1_NtCsbZvAovu9Jal_12amber_ledger9reconcileNtB9_9AlertSink6report00Bb_
FN:343,_RNCNvMs0_NtCsbZvAovu9Jal_12amber_ledger9reconcileNtB7_16ReconcileService15bridge_movement0B9_
FN:289,_RNCNvMs0_NtCsbZvAovu9Jal_12amber_ledger9reconcileNtB7_16ReconcileService17fetch_ledger_refs0B9_
FN:261,_RNCNvMs0_NtCsbZvAovu9Jal_12amber_ledger9reconcileNtB7_16ReconcileService3run0B9_
FN:391,_RNCNvMs1_NtCsbZvAovu9Jal_12amber_ledger9reconcileNtB7_9AlertSink6report0B9_
FN:556,_RNCNvMs2_NtCsbZvAovu9Jal_12amber_ledger9reconcileNtB7_18ReconcileScheduler5spawn0B9_
FN:515,_RNCNvMs2_NtCsbZvAovu9Jal_12amber_ledger9reconcileNtB7_18ReconcileScheduler8run_once0B9_
FN:230,_RNCNvMs_NtCsbZvAovu9Jal_12amber_ledger9reconcileNtB6_19RailStatementSource5fetch0B8_
FN:177,_RNCNvNtCsbZvAovu9Jal_12amber_ledger9reconcile9reconciles0_0B5_
FN:182,_RNCNvNtCsbZvAovu9Jal_12amber_ledger9reconcile9reconciles1_0B5_
FN:40,_RNvMNtCsbZvAovu9Jal_12amber_ledger9reconcileNtB2_4Rail6as_str
FN:338,_RNvMs0_NtCsbZvAovu9Jal_12amber_ledger9reconcileNtB5_16ReconcileService15bridge_movement
FN:284,_RNvMs0_NtCsbZvAovu9Jal_12amber_ledger9reconcileNtB5_16ReconcileService17fetch_ledger_refs
FN:247,_RNvMs0_NtCsbZvAovu9Jal_12amber_ledger9reconcileNtB5_16ReconcileService3new
FN:254,_RNvMs0_NtCsbZvAovu9Jal_12amber_ledger9reconcileNtB5_16ReconcileService3run
FN:391,_RNvMs1_NtCsbZvAovu9Jal_12amber_ledger9reconcileNtB5_9AlertSink6report
FN:494,_RNvMs2_NtCsbZvAovu9Jal_12amber_ledger9reconcileNtB5_18ReconcileScheduler3new
FN:552,_RNvMs2_NtCsbZvAovu9Jal_12amber_ledger9reconcileNtB5_18ReconcileScheduler5spawn
FN:515,_RNvMs2_NtCsbZvAovu9Jal_12amber_ledger9reconcileNtB5_18ReconcileScheduler8run_once
FN:224,_RNvMs_NtCsbZvAovu9Jal_12amber_ledger9reconcileNtB4_19RailStatementSource5fetch
FN:124,_RNvNtCsbZvAovu9Jal_12amber_ledger9reconcile9reconcile
FNDA:5,_RNCNCNvMs0_NtCs1EikdFdU5en_12amber_ledger9reconcileNtB9_16ReconcileService17fetch_ledger_refs00Bb_
FNDA:0,_RNCNCNvMs1_NtCs1EikdFdU5en_12amber_ledger9reconcileNtB9_9AlertSink6report00Bb_
FNDA:4,_RNCNvMs0_NtCs1EikdFdU5en_12amber_ledger9reconcileNtB7_16ReconcileService15bridge_movement0B9_
FNDA:4,_RNCNvMs0_NtCs1EikdFdU5en_12amber_ledger9reconcileNtB7_16ReconcileService17fetch_ledger_refs0B9_
FNDA:4,_RNCNvMs0_NtCs1EikdFdU5en_12amber_ledger9reconcileNtB7_16ReconcileService3run0B9_
FNDA:4,_RNCNvMs1_NtCs1EikdFdU5en_12amber_ledger9reconcileNtB7_9AlertSink6report0B9_
FNDA:0,_RNCNvMs2_NtCs1EikdFdU5en_12amber_ledger9reconcileNtB7_18ReconcileScheduler5spawn0B9_
FNDA:2,_RNCNvMs2_NtCs1EikdFdU5en_12amber_ledger9reconcileNtB7_18ReconcileScheduler8run_once0B9_
FNDA:4,_RNCNvMs_NtCs1EikdFdU5en_12amber_ledger9reconcileNtB6_19RailStatementSource5fetch0B8_
FNDA:17,_RNCNvNtCs1EikdFdU5en_12amber_ledger9reconcile9reconciles0_0B5_
FNDA:12,_RNCNvNtCs1EikdFdU5en_12amber_ledger9reconcile9reconciles1_0B5_
FNDA:4,_RNvMNtCs1EikdFdU5en_12amber_ledger9reconcileNtB2_4Rail6as_str
FNDA:4,_RNvMs0_NtCs1EikdFdU5en_12amber_ledger9reconcileNtB5_16ReconcileService15bridge_movement
FNDA:4,_RNvMs0_NtCs1EikdFdU5en_12amber_ledger9reconcileNtB5_16ReconcileService17fetch_ledger_refs
FNDA:4,_RNvMs0_NtCs1EikdFdU5en_12amber_ledger9reconcileNtB5_16ReconcileService3new
FNDA:4,_RNvMs0_NtCs1EikdFdU5en_12amber_ledger9reconcileNtB5_16ReconcileService3run
FNDA:4,_RNvMs1_NtCs1EikdFdU5en_12amber_ledger9reconcileNtB5_9AlertSink6report
FNDA:2,_RNvMs2_NtCs1EikdFdU5en_12amber_ledger9reconcileNtB5_18ReconcileScheduler3new
FNDA:0,_RNvMs2_NtCs1EikdFdU5en_12amber_ledger9reconcileNtB5_18ReconcileScheduler5spawn
FNDA:2,_RNvMs2_NtCs1EikdFdU5en_12amber_ledger9reconcileNtB5_18ReconcileScheduler8run_once
FNDA:4,_RNvMs_NtCs1EikdFdU5en_12amber_ledger9reconcileNtB4_19RailStatementSource5fetch
FNDA:13,_RNvNtCs1EikdFdU5en_12amber_ledger9reconcile9reconcile
FNDA:0,_RNCNCNvMs0_NtCsbZvAovu9Jal_12amber_ledger9reconcileNtB9_16ReconcileService17fetch_ledger_refs00Bb_
FNDA:0,_RNCNCNvMs1_NtCsbZvAovu9Jal_12amber_ledger9reconcileNtB9_9AlertSink6report00Bb_
FNDA:0,_RNCNvMs0_NtCsbZvAovu9Jal_12amber_ledger9reconcileNtB7_16ReconcileService15bridge_movement0B9_
FNDA:0,_RNCNvMs0_NtCsbZvAovu9Jal_12amber_ledger9reconcileNtB7_16ReconcileService17fetch_ledger_refs0B9_
FNDA:0,_RNCNvMs0_NtCsbZvAovu9Jal_12amber_ledger9reconcileNtB7_16ReconcileService3run0B9_
FNDA:0,_RNCNvMs1_NtCsbZvAovu9Jal_12amber_ledger9reconcileNtB7_9AlertSink6report0B9_
FNDA:0,_RNCNvMs2_NtCsbZvAovu9Jal_12amber_ledger9reconcileNtB7_18ReconcileScheduler5spawn0B9_
FNDA:0,_RNCNvMs2_NtCsbZvAovu9Jal_12amber_ledger9reconcileNtB7_18ReconcileScheduler8run_once0B9_
FNDA:0,_RNCNvMs_NtCsbZvAovu9Jal_12amber_ledger9reconcileNtB6_19RailStatementSource5fetch0B8_
FNDA:0,_RNCNvNtCsbZvAovu9Jal_12amber_ledger9reconcile9reconciles0_0B5_
FNDA:0,_RNCNvNtCsbZvAovu9Jal_12amber_ledger9reconcile9reconciles1_0B5_
FNDA:0,_RNvMNtCsbZvAovu9Jal_12amber_ledger9reconcileNtB2_4Rail6as_str
FNDA:0,_RNvMs0_NtCsbZvAovu9Jal_12amber_ledger9reconcileNtB5_16ReconcileService15bridge_movement
FNDA:0,_RNvMs0_NtCsbZvAovu9Jal_12amber_ledger9reconcileNtB5_16ReconcileService17fetch_ledger_refs
FNDA:0,_RNvMs0_NtCsbZvAovu9Jal_12amber_ledger9reconcileNtB5_16ReconcileService3new
FNDA:0,_RNvMs0_NtCsbZvAovu9Jal_12amber_ledger9reconcileNtB5_16ReconcileService3run
FNDA:0,_RNvMs1_NtCsbZvAovu9Jal_12amber_ledger9reconcileNtB5_9AlertSink6report
FNDA:0,_RNvMs2_NtCsbZvAovu9Jal_12amber_ledger9reconcileNtB5_18ReconcileScheduler3new
FNDA:0,_RNvMs2_NtCsbZvAovu9Jal_12amber_ledger9reconcileNtB5_18ReconcileScheduler5spawn
FNDA:0,_RNvMs2_NtCsbZvAovu9Jal_12amber_ledger9reconcileNtB5_18ReconcileScheduler8run_once
FNDA:0,_RNvMs_NtCsbZvAovu9Jal_12amber_ledger9reconcileNtB4_19RailStatementSource5fetch
FNDA:0,_RNvNtCsbZvAovu9Jal_12amber_ledger9reconcile9reconcile
FNF:22
FNH:19
DA:40,4
DA:41,4
DA:42,4
DA:43,0
DA:44,0
DA:45,0
DA:47,4
DA:124,13
DA:125,13
DA:126,13
DA:127,13
DA:128,13
DA:129,13
DA:130,13
DA:131,13
DA:132,13
DA:133,13
DA:134,13
DA:137,13
DA:138,13
DA:139,17
DA:140,17
DA:141,17
DA:142,17
DA:143,17
DA:144,17
DA:145,16
DA:146,16
DA:147,1
DA:148,15
DA:151,13
DA:152,13
DA:153,13
DA:154,13
DA:156,19
DA:157,19
DA:158,15
DA:159,14
DA:160,14
DA:161,14
DA:162,13
DA:163,13
DA:164,1
DA:165,1
DA:166,1
DA:167,1
DA:168,1
DA:169,1
DA:171,5
DA:175,13
DA:176,13
DA:177,17
DA:178,13
DA:179,13
DA:181,13
DA:182,13
DA:183,13
DA:184,11
DA:185,7
DA:186,6
DA:187,6
DA:188,6
DA:191,13
DA:192,5
DA:194,8
DA:195,8
DA:196,8
DA:197,8
DA:199,13
DA:200,13
DA:201,13
DA:202,13
DA:203,13
DA:204,13
DA:205,13
DA:206,13
DA:207,13
DA:208,13
DA:209,13
DA:210,13
DA:211,13
DA:212,13
DA:214,13
DA:224,4
DA:225,4
DA:226,4
DA:227,4
DA:228,4
DA:229,4
DA:230,4
DA:231,4
DA:232,4
DA:237,4
DA:247,4
DA:248,4
DA:249,4
DA:254,4
DA:255,4
DA:256,4
DA:257,4
DA:258,4
DA:259,4
DA:260,4
DA:261,4
DA:262,4
DA:263,4
DA:264,4
DA:265,4
DA:266,4
DA:267,4
DA:268,4
DA:269,4
DA:270,4
DA:271,4
DA:272,4
DA:273,4
DA:274,4
DA:275,4
DA:276,4
DA:277,4
DA:278,4
DA:279,4
DA:280,4
DA:284,4
DA:285,4
DA:286,4
DA:287,4
DA:288,4
DA:289,4
DA:290,4
DA:291,4
DA:292,4
DA:293,4
DA:294,4
DA:295,4
DA:296,4
DA:297,4
DA:298,4
DA:299,4
DA:300,4
DA:301,4
DA:302,4
DA:303,4
DA:304,4
DA:305,4
DA:306,4
DA:307,4
DA:308,4
DA:309,4
DA:314,4
DA:315,4
DA:316,5
DA:317,5
DA:318,5
DA:319,5
DA:320,5
DA:321,4
DA:322,4
DA:323,4
DA:325,5
DA:326,5
DA:327,5
DA:328,5
DA:329,5
DA:330,5
DA:332,4
DA:333,4
DA:338,4
DA:339,4
DA:340,4
DA:341,4
DA:342,4
DA:343,4
DA:344,4
DA:345,4
DA:346,4
DA:347,4
DA:348,4
DA:349,4
DA:350,4
DA:351,0
DA:352,4
DA:353,4
DA:354,4
DA:355,4
DA:356,4
DA:357,4
DA:358,4
DA:359,4
DA:360,4
DA:361,4
DA:362,4
DA:363,4
DA:364,4
DA:365,4
DA:366,4
DA:367,4
DA:368,4
DA:391,4
DA:392,4
DA:394,2
DA:395,1
DA:396,1
DA:397,1
DA:398,1
DA:399,1
DA:400,1
DA:401,1
DA:402,1
DA:403,1
DA:405,1
DA:406,1
DA:407,1
DA:408,1
DA:409,1
DA:410,1
DA:411,1
DA:412,1
DA:413,1
DA:414,1
DA:415,1
DA:416,1
DA:417,1
DA:418,1
DA:419,1
DA:421,2
DA:423,2
DA:424,2
DA:425,1
DA:428,1
DA:429,1
DA:431,2
DA:432,1
DA:434,1
DA:435,1
DA:437,2
DA:438,0
DA:439,0
DA:440,2
DA:441,2
DA:442,2
DA:443,2
DA:444,2
DA:445,2
DA:446,2
DA:447,2
DA:448,2
DA:449,2
DA:450,2
DA:451,2
DA:452,2
DA:453,2
DA:454,2
DA:455,2
DA:456,2
DA:457,2
DA:458,2
DA:459,2
DA:460,2
DA:461,2
DA:462,2
DA:463,2
DA:464,2
DA:467,4
DA:494,2
DA:495,2
DA:496,2
DA:497,2
DA:498,2
DA:499,2
DA:500,2
DA:501,2
DA:502,2
DA:503,2
DA:504,2
DA:505,2
DA:506,2
DA:507,2
DA:508,2
DA:509,2
DA:510,2
DA:515,2
DA:516,2
DA:517,2
DA:518,2
DA:519,2
DA:520,2
DA:521,2
DA:522,2
DA:523,2
DA:524,2
DA:525,2
DA:526,2
DA:528,2
DA:530,2
DA:531,2
DA:532,0
DA:533,0
DA:534,0
DA:535,0
DA:536,0
DA:537,2
DA:538,2
DA:540,0
DA:542,0
DA:543,0
DA:547,2
DA:548,2
DA:552,0
DA:553,0
DA:554,0
DA:555,0
DA:556,0
DA:557,0
DA:558,0
DA:560,0
DA:561,0
DA:562,0
DA:564,0
DA:567,0
DA:568,0
BRF:0
BRH:0
LF:332
LH:302
end_of_record
SF:C:\Users\FOUAD\Desktop\AMBER PAY\ledger\src\types.rs
FN:28,_RNvMNtCs1EikdFdU5en_12amber_ledger5typesNtB2_11JournalType6as_str
FN:70,_RNvMs0_NtCs1EikdFdU5en_12amber_ledger5typesNtB5_9Direction6as_str
FN:89,_RNvMs1_NtCs1EikdFdU5en_12amber_ledger5typesNtB5_11AccountType6as_str
FN:149,_RNvMs2_NtCs1EikdFdU5en_12amber_ledger5typesNtB5_13JournalResult6posted
FN:54,_RNvMs_NtCs1EikdFdU5en_12amber_ledger5typesNtB4_13JournalStatus6as_str
FN:28,_RNvMNtCsbZvAovu9Jal_12amber_ledger5typesNtB2_11JournalType6as_str
FN:70,_RNvMs0_NtCsbZvAovu9Jal_12amber_ledger5typesNtB5_9Direction6as_str
FN:89,_RNvMs1_NtCsbZvAovu9Jal_12amber_ledger5typesNtB5_11AccountType6as_str
FN:149,_RNvMs2_NtCsbZvAovu9Jal_12amber_ledger5typesNtB5_13JournalResult6posted
FN:54,_RNvMs_NtCsbZvAovu9Jal_12amber_ledger5typesNtB4_13JournalStatus6as_str
FNDA:147,_RNvMNtCs1EikdFdU5en_12amber_ledger5typesNtB2_11JournalType6as_str
FNDA:106,_RNvMs0_NtCs1EikdFdU5en_12amber_ledger5typesNtB5_9Direction6as_str
FNDA:28,_RNvMs1_NtCs1EikdFdU5en_12amber_ledger5typesNtB5_11AccountType6as_str
FNDA:52,_RNvMs2_NtCs1EikdFdU5en_12amber_ledger5typesNtB5_13JournalResult6posted
FNDA:0,_RNvMs_NtCs1EikdFdU5en_12amber_ledger5typesNtB4_13JournalStatus6as_str
FNDA:0,_RNvMNtCsbZvAovu9Jal_12amber_ledger5typesNtB2_11JournalType6as_str
FNDA:0,_RNvMs0_NtCsbZvAovu9Jal_12amber_ledger5typesNtB5_9Direction6as_str
FNDA:0,_RNvMs1_NtCsbZvAovu9Jal_12amber_ledger5typesNtB5_11AccountType6as_str
FNDA:0,_RNvMs2_NtCsbZvAovu9Jal_12amber_ledger5typesNtB5_13JournalResult6posted
FNDA:0,_RNvMs_NtCsbZvAovu9Jal_12amber_ledger5typesNtB4_13JournalStatus6as_str
FNF:5
FNH:4
DA:28,147
DA:29,147
DA:30,12
DA:31,3
DA:32,9
DA:33,33
DA:34,66
DA:35,0
DA:36,0
DA:37,18
DA:38,0
DA:39,6
DA:40,0
DA:41,0
DA:43,147
DA:54,0
DA:55,0
DA:56,0
DA:57,0
DA:58,0
DA:60,0
DA:70,106
DA:71,106
DA:72,51
DA:73,55
DA:75,106
DA:89,28
DA:90,28
DA:91,14
DA:92,2
DA:93,5
DA:94,7
DA:95,0
DA:96,0
DA:98,28
DA:149,52
DA:150,52
DA:151,52
DA:152,52
DA:153,52
DA:154,52
BRF:0
BRH:0
LF:41
LH:28
end_of_record